#
# There is insufficient memory for the Java Runtime Environment to continue.
# Native memory allocation (malloc) failed to allocate 338176 bytes for Chunk::new
# Possible reasons:
#   The system is out of physical RAM or swap space
#   The process is running with CompressedOops enabled, and the Java Heap may be blocking the growth of the native heap
# Possible solutions:
#   Reduce memory load on the system
#   Increase physical memory or swap space
#   Check if swap backing store is full
#   Decrease Java heap size (-Xmx/-Xms)
#   Decrease number of Java threads
#   Decrease Java thread stack sizes (-Xss)
#   Set larger code cache with -XX:ReservedCodeCacheSize=
#   JVM is running with Zero Based Compressed Oops mode in which the Java heap is
#     placed in the first 32GB address space. The Java Heap base address is the
#     maximum limit for the native heap growth. Please use -XX:HeapBaseMinAddress
#     to set the Java Heap base and to place the Java Heap above 32GB virtual address.
# This output file may be truncated or incomplete.
#
#  Out of Memory Error (arena.cpp:189), pid=7764, tid=18060
#
# JRE version: Java(TM) SE Runtime Environment (17.0.2+8) (build 17.0.2+8-LTS-86)
# Java VM: Java HotSpot(TM) 64-Bit Server VM (17.0.2+8-LTS-86, mixed mode, sharing, tiered, compressed oops, compressed class ptrs, g1 gc, windows-amd64)
# No core dump will be written. Minidumps are not enabled by default on client versions of Windows
#

---------------  S U M M A R Y ------------

Command Line: -Dfile.encoding=windows-1251 -Duser.country=RU -Duser.language=ru -Duser.variant Main

Host: AMD Ryzen 5 5600H with Radeon Graphics         , 12 cores, 13G,  Windows 10 , 64 bit Build 19041 (10.0.19041.2251)
Time: Tue Nov 29 00:53:55 2022 RTZ 2 (s 10 , 64 bit Build 19041 (10.0.19041.2251) elapsed time: 88.378857 seconds (0d 0h 1m 28s)

---------------  T H R E A D  ---------------

Current thread (0x00000206dc262690):  JavaThread "C2 CompilerThread0" daemon [_thread_in_native, id=18060, stack(0x0000006953600000,0x0000006953700000)]


Current CompileTask:
C2:  88379 4886       4       sun.java2d.SurfaceData::validatePipe (785 bytes)

Stack: [0x0000006953600000,0x0000006953700000]
Native frames: (J=compiled Java code, j=interpreted, Vv=VM code, C=native code)
V  [jvm.dll+0x670baa]
V  [jvm.dll+0x7cfcb4]
V  [jvm.dll+0x7d145e]
V  [jvm.dll+0x7d1ac3]
V  [jvm.dll+0x242bc5]
V  [jvm.dll+0xaa57b]
V  [jvm.dll+0xaab0c]
V  [jvm.dll+0x2a991f]
V  [jvm.dll+0x5792d9]
V  [jvm.dll+0x21de3d]
V  [jvm.dll+0x217679]
V  [jvm.dll+0x214fab]
V  [jvm.dll+0x1a1bbd]
V  [jvm.dll+0x224908]
V  [jvm.dll+0x222a6c]
V  [jvm.dll+0x7859bb]
V  [jvm.dll+0x77ff7a]
V  [jvm.dll+0x66fa35]
C  [ucrtbase.dll+0x21bb2]
C  [KERNEL32.DLL+0x174b4]
C  [ntdll.dll+0x526a1]


---------------  P R O C E S S  ---------------

Threads class SMR info:
_java_thread_list=0x00000206ebf8db80, length=18, elements={
0x00000206ba49d690, 0x00000206dc243a20, 0x00000206dc2447a0, 0x00000206dc25df50,
0x00000206dc260920, 0x00000206dc2611e0, 0x00000206dc261aa0, 0x00000206dc262690,
0x00000206dc26bd90, 0x00000206dc2773f0, 0x00000206dcce1990, 0x00000206dcce6840,
0x00000206dcee5d60, 0x00000206dcefef50, 0x00000206dcf08440, 0x00000206ddf89010,
0x00000206ddf86890, 0x00000206de18c960
}

Java Threads: ( => current thread )
  0x00000206ba49d690 JavaThread "main" [_thread_blocked, id=6300, stack(0x0000006952900000,0x0000006952a00000)]
  0x00000206dc243a20 JavaThread "Reference Handler" daemon [_thread_blocked, id=17556, stack(0x0000006953000000,0x0000006953100000)]
  0x00000206dc2447a0 JavaThread "Finalizer" daemon [_thread_blocked, id=11452, stack(0x0000006953100000,0x0000006953200000)]
  0x00000206dc25df50 JavaThread "Signal Dispatcher" daemon [_thread_blocked, id=16248, stack(0x0000006953200000,0x0000006953300000)]
  0x00000206dc260920 JavaThread "Attach Listener" daemon [_thread_blocked, id=1972, stack(0x0000006953300000,0x0000006953400000)]
  0x00000206dc2611e0 JavaThread "Service Thread" daemon [_thread_blocked, id=17732, stack(0x0000006953400000,0x0000006953500000)]
  0x00000206dc261aa0 JavaThread "Monitor Deflation Thread" daemon [_thread_blocked, id=18012, stack(0x0000006953500000,0x0000006953600000)]
=>0x00000206dc262690 JavaThread "C2 CompilerThread0" daemon [_thread_in_native, id=18060, stack(0x0000006953600000,0x0000006953700000)]
  0x00000206dc26bd90 JavaThread "C1 CompilerThread0" daemon [_thread_blocked, id=3496, stack(0x0000006953700000,0x0000006953800000)]
  0x00000206dc2773f0 JavaThread "Sweeper thread" daemon [_thread_blocked, id=16612, stack(0x0000006953800000,0x0000006953900000)]
  0x00000206dcce1990 JavaThread "Notification Thread" daemon [_thread_blocked, id=7600, stack(0x0000006953900000,0x0000006953a00000)]
  0x00000206dcce6840 JavaThread "Common-Cleaner" daemon [_thread_blocked, id=18004, stack(0x0000006953b00000,0x0000006953c00000)]
  0x00000206dcee5d60 JavaThread "Java2D Disposer" daemon [_thread_blocked, id=604, stack(0x0000006953c00000,0x0000006953d00000)]
  0x00000206dcefef50 JavaThread "AWT-Shutdown" [_thread_blocked, id=2056, stack(0x0000006953d00000,0x0000006953e00000)]
  0x00000206dcf08440 JavaThread "AWT-Windows" daemon [_thread_in_native, id=17936, stack(0x0000006953e00000,0x0000006953f00000)]
  0x00000206ddf89010 JavaThread "AWT-EventQueue-0" [_thread_blocked, id=3280, stack(0x0000006954900000,0x0000006954a00000)]
  0x00000206ddf86890 JavaThread "D3D Screen Updater" daemon [_thread_blocked, id=4896, stack(0x0000006954a00000,0x0000006954b00000)]
  0x00000206de18c960 JavaThread "TimerQueue" daemon [_thread_blocked, id=8092, stack(0x0000006954c00000,0x0000006954d00000)]

Other Threads:
  0x00000206dc23db00 VMThread "VM Thread" [stack: 0x0000006952f00000,0x0000006953000000] [id=17128]
  0x00000206ba500980 WatcherThread [stack: 0x0000006953a00000,0x0000006953b00000] [id=4720]
  0x00000206ba4e8b10 GCTaskThread "GC Thread#0" [stack: 0x0000006952a00000,0x0000006952b00000] [id=16520]
  0x00000206dcc0f8c0 GCTaskThread "GC Thread#1" [stack: 0x0000006954f00000,0x0000006955000000] [id=15016]
  0x00000206ec058a80 GCTaskThread "GC Thread#2" [stack: 0x0000006955000000,0x0000006955100000] [id=17624]
  0x00000206ec059540 GCTaskThread "GC Thread#3" [stack: 0x0000006955100000,0x0000006955200000] [id=9520]
  0x00000206ec05a410 GCTaskThread "GC Thread#4" [stack: 0x0000006955200000,0x0000006955300000] [id=8588]
  0x00000206ec05a6c0 GCTaskThread "GC Thread#5" [stack: 0x0000006955300000,0x0000006955400000] [id=17496]
  0x00000206dcc4ff10 GCTaskThread "GC Thread#6" [stack: 0x0000006955400000,0x0000006955500000] [id=17420]
  0x00000206dcda6ce0 GCTaskThread "GC Thread#7" [stack: 0x0000006955500000,0x0000006955600000] [id=4848]
  0x00000206dcd53420 GCTaskThread "GC Thread#8" [stack: 0x0000006955600000,0x0000006955700000] [id=1792]
  0x00000206ebcba0b0 GCTaskThread "GC Thread#9" [stack: 0x0000006955700000,0x0000006955800000] [id=17244]
  0x00000206ba4f7810 ConcurrentGCThread "G1 Main Marker" [stack: 0x0000006952b00000,0x0000006952c00000] [id=10080]
  0x00000206ba4f8220 ConcurrentGCThread "G1 Conc#0" [stack: 0x0000006952c00000,0x0000006952d00000] [id=15092]
  0x00000206dc1024b0 ConcurrentGCThread "G1 Refine#0" [stack: 0x0000006952d00000,0x0000006952e00000] [id=16416]
  0x00000206ba574b70 ConcurrentGCThread "G1 Service" [stack: 0x0000006952e00000,0x0000006952f00000] [id=5000]

Threads with active compile tasks:
C2 CompilerThread0    88406 4886       4       sun.java2d.SurfaceData::validatePipe (785 bytes)

VM state: not at safepoint (normal execution)

VM Mutex/Monitor currently owned by a thread: None

Heap address: 0x0000000722400000, size: 3548 MB, Compressed Oops mode: Zero based, Oop shift amount: 3

CDS archive(s) mapped at: [0x0000000800000000-0x0000000800bc0000-0x0000000800bc0000), size 12320768, SharedBaseAddress: 0x0000000800000000, ArchiveRelocationMode: 0.
Compressed class space mapped at: 0x0000000800c00000-0x0000000840c00000, reserved size: 1073741824
Narrow klass base: 0x0000000800000000, Narrow klass shift: 0, Narrow klass range: 0x100000000

GC Precious Log:
 CPUs: 12 total, 12 available
 Memory: 14188M
 Large Page Support: Disabled
 NUMA Support: Disabled
 Compressed Oops: Enabled (Zero based)
 Heap Region Size: 2M
 Heap Min Capacity: 8M
 Heap Initial Capacity: 222M
 Heap Max Capacity: 3548M
 Pre-touch: Disabled
 Parallel Workers: 10
 Concurrent Workers: 3
 Concurrent Refinement Workers: 10
 Periodic GC: Disabled

Heap:
 garbage-first heap   total 227328K, used 98105K [0x0000000722400000, 0x0000000800000000)
  region size 2048K, 40 young (81920K), 9 survivors (18432K)
 Metaspace       used 11708K, committed 11968K, reserved 1064960K
  class space    used 1121K, committed 1280K, reserved 1048576K

Heap Regions: E=young(eden), S=young(survivor), O=old, HS=humongous(starts), HC=humongous(continues), CS=collection set, F=free, OA=open archive, CA=closed archive, TAMS=top-at-mark-start (previous, next)
|   0|0x0000000722400000, 0x0000000722600000, 0x0000000722600000|100%|HS|  |TAMS 0x0000000722400000, 0x0000000722400000| Complete 
|   1|0x0000000722600000, 0x0000000722800000, 0x0000000722800000|100%|HC|  |TAMS 0x0000000722600000, 0x0000000722600000| Complete 
|   2|0x0000000722800000, 0x0000000722a00000, 0x0000000722a00000|100%|HC|  |TAMS 0x0000000722800000, 0x0000000722800000| Complete 
|   3|0x0000000722a00000, 0x0000000722c00000, 0x0000000722c00000|100%|HC|  |TAMS 0x0000000722a00000, 0x0000000722a00000| Complete 
|   4|0x0000000722c00000, 0x0000000722e00000, 0x0000000722e00000|100%| O|  |TAMS 0x0000000722c00000, 0x0000000722c00000| Untracked 
|   5|0x0000000722e00000, 0x0000000723000000, 0x0000000723000000|100%| O|  |TAMS 0x0000000722e00000, 0x0000000722e00000| Untracked 
|   6|0x0000000723000000, 0x0000000723200000, 0x0000000723200000|100%| O|  |TAMS 0x0000000723000000, 0x0000000723000000| Untracked 
|   7|0x0000000723200000, 0x0000000723400000, 0x0000000723400000|100%| O|  |TAMS 0x0000000723200000, 0x0000000723200000| Untracked 
|   8|0x0000000723400000, 0x00000007235ce600, 0x0000000723600000| 90%| O|  |TAMS 0x0000000723400000, 0x0000000723400000| Untracked 
|   9|0x0000000723600000, 0x0000000723600000, 0x0000000723800000|  0%| F|  |TAMS 0x0000000723600000, 0x0000000723600000| Untracked 
|  10|0x0000000723800000, 0x0000000723800000, 0x0000000723a00000|  0%| F|  |TAMS 0x0000000723800000, 0x0000000723800000| Untracked 
|  11|0x0000000723a00000, 0x0000000723a00000, 0x0000000723c00000|  0%| F|  |TAMS 0x0000000723a00000, 0x0000000723a00000| Untracked 
|  12|0x0000000723c00000, 0x0000000723c00000, 0x0000000723e00000|  0%| F|  |TAMS 0x0000000723c00000, 0x0000000723c00000| Untracked 
|  13|0x0000000723e00000, 0x0000000723e00000, 0x0000000724000000|  0%| F|  |TAMS 0x0000000723e00000, 0x0000000723e00000| Untracked 
|  14|0x0000000724000000, 0x0000000724000000, 0x0000000724200000|  0%| F|  |TAMS 0x0000000724000000, 0x0000000724000000| Untracked 
|  15|0x0000000724200000, 0x0000000724200000, 0x0000000724400000|  0%| F|  |TAMS 0x0000000724200000, 0x0000000724200000| Untracked 
|  16|0x0000000724400000, 0x0000000724400000, 0x0000000724600000|  0%| F|  |TAMS 0x0000000724400000, 0x0000000724400000| Untracked 
|  17|0x0000000724600000, 0x0000000724600000, 0x0000000724800000|  0%| F|  |TAMS 0x0000000724600000, 0x0000000724600000| Untracked 
|  18|0x0000000724800000, 0x0000000724800000, 0x0000000724a00000|  0%| F|  |TAMS 0x0000000724800000, 0x0000000724800000| Untracked 
|  19|0x0000000724a00000, 0x0000000724a00000, 0x0000000724c00000|  0%| F|  |TAMS 0x0000000724a00000, 0x0000000724a00000| Untracked 
|  20|0x0000000724c00000, 0x0000000724c00000, 0x0000000724e00000|  0%| F|  |TAMS 0x0000000724c00000, 0x0000000724c00000| Untracked 
|  21|0x0000000724e00000, 0x0000000724e00000, 0x0000000725000000|  0%| F|  |TAMS 0x0000000724e00000, 0x0000000724e00000| Untracked 
|  22|0x0000000725000000, 0x0000000725000000, 0x0000000725200000|  0%| F|  |TAMS 0x0000000725000000, 0x0000000725000000| Untracked 
|  23|0x0000000725200000, 0x0000000725200000, 0x0000000725400000|  0%| F|  |TAMS 0x0000000725200000, 0x0000000725200000| Untracked 
|  24|0x0000000725400000, 0x0000000725400000, 0x0000000725600000|  0%| F|  |TAMS 0x0000000725400000, 0x0000000725400000| Untracked 
|  25|0x0000000725600000, 0x0000000725600000, 0x0000000725800000|  0%| F|  |TAMS 0x0000000725600000, 0x0000000725600000| Untracked 
|  26|0x0000000725800000, 0x0000000725800000, 0x0000000725a00000|  0%| F|  |TAMS 0x0000000725800000, 0x0000000725800000| Untracked 
|  27|0x0000000725a00000, 0x0000000725a00000, 0x0000000725c00000|  0%| F|  |TAMS 0x0000000725a00000, 0x0000000725a00000| Untracked 
|  28|0x0000000725c00000, 0x0000000725c00000, 0x0000000725e00000|  0%| F|  |TAMS 0x0000000725c00000, 0x0000000725c00000| Untracked 
|  29|0x0000000725e00000, 0x0000000725e00000, 0x0000000726000000|  0%| F|  |TAMS 0x0000000725e00000, 0x0000000725e00000| Untracked 
|  30|0x0000000726000000, 0x0000000726000000, 0x0000000726200000|  0%| F|  |TAMS 0x0000000726000000, 0x0000000726000000| Untracked 
|  31|0x0000000726200000, 0x0000000726200000, 0x0000000726400000|  0%| F|  |TAMS 0x0000000726200000, 0x0000000726200000| Untracked 
|  32|0x0000000726400000, 0x0000000726400000, 0x0000000726600000|  0%| F|  |TAMS 0x0000000726400000, 0x0000000726400000| Untracked 
|  33|0x0000000726600000, 0x0000000726600000, 0x0000000726800000|  0%| F|  |TAMS 0x0000000726600000, 0x0000000726600000| Untracked 
|  34|0x0000000726800000, 0x0000000726800000, 0x0000000726a00000|  0%| F|  |TAMS 0x0000000726800000, 0x0000000726800000| Untracked 
|  35|0x0000000726a00000, 0x0000000726a00000, 0x0000000726c00000|  0%| F|  |TAMS 0x0000000726a00000, 0x0000000726a00000| Untracked 
|  36|0x0000000726c00000, 0x0000000726e00000, 0x0000000726e00000|100%| S|CS|TAMS 0x0000000726c00000, 0x0000000726c00000| Complete 
|  37|0x0000000726e00000, 0x0000000727000000, 0x0000000727000000|100%| S|CS|TAMS 0x0000000726e00000, 0x0000000726e00000| Complete 
|  38|0x0000000727000000, 0x0000000727200000, 0x0000000727200000|100%| S|CS|TAMS 0x0000000727000000, 0x0000000727000000| Complete 
|  39|0x0000000727200000, 0x0000000727400000, 0x0000000727400000|100%| S|CS|TAMS 0x0000000727200000, 0x0000000727200000| Complete 
|  40|0x0000000727400000, 0x0000000727600000, 0x0000000727600000|100%| S|CS|TAMS 0x0000000727400000, 0x0000000727400000| Complete 
|  41|0x0000000727600000, 0x0000000727800000, 0x0000000727800000|100%| S|CS|TAMS 0x0000000727600000, 0x0000000727600000| Complete 
|  42|0x0000000727800000, 0x0000000727a00000, 0x0000000727a00000|100%| S|CS|TAMS 0x0000000727800000, 0x0000000727800000| Complete 
|  43|0x0000000727a00000, 0x0000000727c00000, 0x0000000727c00000|100%| S|CS|TAMS 0x0000000727a00000, 0x0000000727a00000| Complete 
|  44|0x0000000727c00000, 0x0000000727e00000, 0x0000000727e00000|100%| S|CS|TAMS 0x0000000727c00000, 0x0000000727c00000| Complete 
|  45|0x0000000727e00000, 0x0000000727e00000, 0x0000000728000000|  0%| F|  |TAMS 0x0000000727e00000, 0x0000000727e00000| Untracked 
|  46|0x0000000728000000, 0x0000000728000000, 0x0000000728200000|  0%| F|  |TAMS 0x0000000728000000, 0x0000000728000000| Untracked 
|  47|0x0000000728200000, 0x0000000728200000, 0x0000000728400000|  0%| F|  |TAMS 0x0000000728200000, 0x0000000728200000| Untracked 
|  48|0x0000000728400000, 0x0000000728400000, 0x0000000728600000|  0%| F|  |TAMS 0x0000000728400000, 0x0000000728400000| Untracked 
|  49|0x0000000728600000, 0x0000000728600000, 0x0000000728800000|  0%| F|  |TAMS 0x0000000728600000, 0x0000000728600000| Untracked 
|  50|0x0000000728800000, 0x0000000728800000, 0x0000000728a00000|  0%| F|  |TAMS 0x0000000728800000, 0x0000000728800000| Untracked 
|  51|0x0000000728a00000, 0x0000000728a00000, 0x0000000728c00000|  0%| F|  |TAMS 0x0000000728a00000, 0x0000000728a00000| Untracked 
|  52|0x0000000728c00000, 0x0000000728c00000, 0x0000000728e00000|  0%| F|  |TAMS 0x0000000728c00000, 0x0000000728c00000| Untracked 
|  53|0x0000000728e00000, 0x0000000728e00000, 0x0000000729000000|  0%| F|  |TAMS 0x0000000728e00000, 0x0000000728e00000| Untracked 
|  54|0x0000000729000000, 0x0000000729000000, 0x0000000729200000|  0%| F|  |TAMS 0x0000000729000000, 0x0000000729000000| Untracked 
|  55|0x0000000729200000, 0x0000000729200000, 0x0000000729400000|  0%| F|  |TAMS 0x0000000729200000, 0x0000000729200000| Untracked 
|  56|0x0000000729400000, 0x0000000729400000, 0x0000000729600000|  0%| F|  |TAMS 0x0000000729400000, 0x0000000729400000| Untracked 
|  57|0x0000000729600000, 0x0000000729600000, 0x0000000729800000|  0%| F|  |TAMS 0x0000000729600000, 0x0000000729600000| Untracked 
|  58|0x0000000729800000, 0x0000000729800000, 0x0000000729a00000|  0%| F|  |TAMS 0x0000000729800000, 0x0000000729800000| Untracked 
|  59|0x0000000729a00000, 0x0000000729a00000, 0x0000000729c00000|  0%| F|  |TAMS 0x0000000729a00000, 0x0000000729a00000| Untracked 
|  60|0x0000000729c00000, 0x0000000729c00000, 0x0000000729e00000|  0%| F|  |TAMS 0x0000000729c00000, 0x0000000729c00000| Untracked 
|  61|0x0000000729e00000, 0x0000000729e00000, 0x000000072a000000|  0%| F|  |TAMS 0x0000000729e00000, 0x0000000729e00000| Untracked 
|  62|0x000000072a000000, 0x000000072a000000, 0x000000072a200000|  0%| F|  |TAMS 0x000000072a000000, 0x000000072a000000| Untracked 
|  63|0x000000072a200000, 0x000000072a200000, 0x000000072a400000|  0%| F|  |TAMS 0x000000072a200000, 0x000000072a200000| Untracked 
|  64|0x000000072a400000, 0x000000072a400000, 0x000000072a600000|  0%| F|  |TAMS 0x000000072a400000, 0x000000072a400000| Untracked 
|  65|0x000000072a600000, 0x000000072a600000, 0x000000072a800000|  0%| F|  |TAMS 0x000000072a600000, 0x000000072a600000| Untracked 
|  66|0x000000072a800000, 0x000000072a800000, 0x000000072aa00000|  0%| F|  |TAMS 0x000000072a800000, 0x000000072a800000| Untracked 
|  67|0x000000072aa00000, 0x000000072aa00000, 0x000000072ac00000|  0%| F|  |TAMS 0x000000072aa00000, 0x000000072aa00000| Untracked 
|  68|0x000000072ac00000, 0x000000072ac00000, 0x000000072ae00000|  0%| F|  |TAMS 0x000000072ac00000, 0x000000072ac00000| Untracked 
|  69|0x000000072ae00000, 0x000000072ae00000, 0x000000072b000000|  0%| F|  |TAMS 0x000000072ae00000, 0x000000072ae00000| Untracked 
|  70|0x000000072b000000, 0x000000072b000000, 0x000000072b200000|  0%| F|  |TAMS 0x000000072b000000, 0x000000072b000000| Untracked 
|  71|0x000000072b200000, 0x000000072b200000, 0x000000072b400000|  0%| F|  |TAMS 0x000000072b200000, 0x000000072b200000| Untracked 
|  72|0x000000072b400000, 0x000000072b400000, 0x000000072b600000|  0%| F|  |TAMS 0x000000072b400000, 0x000000072b400000| Untracked 
|  73|0x000000072b600000, 0x000000072b600000, 0x000000072b800000|  0%| F|  |TAMS 0x000000072b600000, 0x000000072b600000| Untracked 
|  74|0x000000072b800000, 0x000000072b800000, 0x000000072ba00000|  0%| F|  |TAMS 0x000000072b800000, 0x000000072b800000| Untracked 
|  75|0x000000072ba00000, 0x000000072ba00000, 0x000000072bc00000|  0%| F|  |TAMS 0x000000072ba00000, 0x000000072ba00000| Untracked 
|  76|0x000000072bc00000, 0x000000072bc00000, 0x000000072be00000|  0%| F|  |TAMS 0x000000072bc00000, 0x000000072bc00000| Untracked 
|  77|0x000000072be00000, 0x000000072be00000, 0x000000072c000000|  0%| F|  |TAMS 0x000000072be00000, 0x000000072be00000| Untracked 
|  78|0x000000072c000000, 0x000000072c000000, 0x000000072c200000|  0%| F|  |TAMS 0x000000072c000000, 0x000000072c000000| Untracked 
|  79|0x000000072c200000, 0x000000072c200000, 0x000000072c400000|  0%| F|  |TAMS 0x000000072c200000, 0x000000072c200000| Untracked 
|  80|0x000000072c400000, 0x000000072c502f90, 0x000000072c600000| 50%| E|  |TAMS 0x000000072c400000, 0x000000072c400000| Complete 
|  81|0x000000072c600000, 0x000000072c800000, 0x000000072c800000|100%| E|CS|TAMS 0x000000072c600000, 0x000000072c600000| Complete 
|  82|0x000000072c800000, 0x000000072ca00000, 0x000000072ca00000|100%| E|CS|TAMS 0x000000072c800000, 0x000000072c800000| Complete 
|  83|0x000000072ca00000, 0x000000072cc00000, 0x000000072cc00000|100%| E|CS|TAMS 0x000000072ca00000, 0x000000072ca00000| Complete 
|  84|0x000000072cc00000, 0x000000072ce00000, 0x000000072ce00000|100%| E|CS|TAMS 0x000000072cc00000, 0x000000072cc00000| Complete 
|  85|0x000000072ce00000, 0x000000072d000000, 0x000000072d000000|100%| E|CS|TAMS 0x000000072ce00000, 0x000000072ce00000| Complete 
|  86|0x000000072d000000, 0x000000072d200000, 0x000000072d200000|100%| E|CS|TAMS 0x000000072d000000, 0x000000072d000000| Complete 
|  87|0x000000072d200000, 0x000000072d400000, 0x000000072d400000|100%| E|CS|TAMS 0x000000072d200000, 0x000000072d200000| Complete 
|  88|0x000000072d400000, 0x000000072d600000, 0x000000072d600000|100%| E|CS|TAMS 0x000000072d400000, 0x000000072d400000| Complete 
|  89|0x000000072d600000, 0x000000072d800000, 0x000000072d800000|100%| E|CS|TAMS 0x000000072d600000, 0x000000072d600000| Complete 
|  90|0x000000072d800000, 0x000000072da00000, 0x000000072da00000|100%| E|CS|TAMS 0x000000072d800000, 0x000000072d800000| Complete 
|  91|0x000000072da00000, 0x000000072dc00000, 0x000000072dc00000|100%| E|CS|TAMS 0x000000072da00000, 0x000000072da00000| Complete 
|  92|0x000000072dc00000, 0x000000072de00000, 0x000000072de00000|100%| E|CS|TAMS 0x000000072dc00000, 0x000000072dc00000| Complete 
|  93|0x000000072de00000, 0x000000072e000000, 0x000000072e000000|100%| E|CS|TAMS 0x000000072de00000, 0x000000072de00000| Complete 
|  94|0x000000072e000000, 0x000000072e200000, 0x000000072e200000|100%| E|CS|TAMS 0x000000072e000000, 0x000000072e000000| Complete 
|  95|0x000000072e200000, 0x000000072e400000, 0x000000072e400000|100%| E|CS|TAMS 0x000000072e200000, 0x000000072e200000| Complete 
|  96|0x000000072e400000, 0x000000072e600000, 0x000000072e600000|100%| E|CS|TAMS 0x000000072e400000, 0x000000072e400000| Complete 
|  97|0x000000072e600000, 0x000000072e800000, 0x000000072e800000|100%| E|CS|TAMS 0x000000072e600000, 0x000000072e600000| Complete 
|  98|0x000000072e800000, 0x000000072ea00000, 0x000000072ea00000|100%| E|CS|TAMS 0x000000072e800000, 0x000000072e800000| Complete 
|  99|0x000000072ea00000, 0x000000072ec00000, 0x000000072ec00000|100%| E|CS|TAMS 0x000000072ea00000, 0x000000072ea00000| Complete 
| 100|0x000000072ec00000, 0x000000072ee00000, 0x000000072ee00000|100%| E|CS|TAMS 0x000000072ec00000, 0x000000072ec00000| Complete 
| 101|0x000000072ee00000, 0x000000072f000000, 0x000000072f000000|100%| E|CS|TAMS 0x000000072ee00000, 0x000000072ee00000| Complete 
| 102|0x000000072f000000, 0x000000072f200000, 0x000000072f200000|100%| E|CS|TAMS 0x000000072f000000, 0x000000072f000000| Complete 
| 103|0x000000072f200000, 0x000000072f400000, 0x000000072f400000|100%| E|CS|TAMS 0x000000072f200000, 0x000000072f200000| Complete 
| 104|0x000000072f400000, 0x000000072f600000, 0x000000072f600000|100%| E|CS|TAMS 0x000000072f400000, 0x000000072f400000| Complete 
| 105|0x000000072f600000, 0x000000072f800000, 0x000000072f800000|100%| E|CS|TAMS 0x000000072f600000, 0x000000072f600000| Complete 
| 106|0x000000072f800000, 0x000000072fa00000, 0x000000072fa00000|100%| E|CS|TAMS 0x000000072f800000, 0x000000072f800000| Complete 
| 107|0x000000072fa00000, 0x000000072fc00000, 0x000000072fc00000|100%| E|CS|TAMS 0x000000072fa00000, 0x000000072fa00000| Complete 
| 108|0x000000072fc00000, 0x000000072fe00000, 0x000000072fe00000|100%| E|CS|TAMS 0x000000072fc00000, 0x000000072fc00000| Complete 
| 109|0x000000072fe00000, 0x0000000730000000, 0x0000000730000000|100%| E|CS|TAMS 0x000000072fe00000, 0x000000072fe00000| Complete 
| 110|0x0000000730000000, 0x0000000730200000, 0x0000000730200000|100%| E|CS|TAMS 0x0000000730000000, 0x0000000730000000| Complete 

Card table byte_map: [0x00000206d1950000,0x00000206d2040000] _byte_map_base: 0x00000206ce03e000

Marking Bits (Prev, Next): (CMBitMap*) 0x00000206ba4e9120, (CMBitMap*) 0x00000206ba4e9160
 Prev Bits: [0x00000206d2730000, 0x00000206d5ea0000)
 Next Bits: [0x00000206d5ea0000, 0x00000206d9610000)

Polling page: 0x00000206b8360000

Metaspace:

Usage:
  Non-class:     10.34 MB used.
      Class:      1.10 MB used.
       Both:     11.43 MB used.

Virtual space:
  Non-class space:       16.00 MB reserved,      10.44 MB ( 65%) committed,  2 nodes.
      Class space:        1.00 GB reserved,       1.25 MB ( <1%) committed,  1 nodes.
             Both:        1.02 GB reserved,      11.69 MB (  1%) committed. 

Chunk freelists:
   Non-Class:  994.00 KB
       Class:  2.74 MB
        Both:  3.71 MB

MaxMetaspaceSize: unlimited
CompressedClassSpaceSize: 1.00 GB
Initial GC threshold: 21.00 MB
Current GC threshold: 21.00 MB
CDS: on
MetaspaceReclaimPolicy: balanced
 - commit_granule_bytes: 65536.
 - commit_granule_words: 8192.
 - virtual_space_node_default_size: 1048576.
 - enlarge_chunks_in_place: 1.
 - new_chunks_are_fully_committed: 0.
 - uncommit_free_chunks: 1.
 - use_allocation_guard: 0.
 - handle_deallocations: 1.


Internal statistics:

num_allocs_failed_limit: 0.
num_arena_births: 150.
num_arena_deaths: 0.
num_vsnodes_births: 3.
num_vsnodes_deaths: 0.
num_space_committed: 187.
num_space_uncommitted: 0.
num_chunks_returned_to_freelist: 0.
num_chunks_taken_from_freelist: 237.
num_chunk_merges: 0.
num_chunk_splits: 121.
num_chunks_enlarged: 37.
num_purges: 0.
num_inconsistent_stats: 0.

CodeHeap 'non-profiled nmethods': size=120000Kb used=3525Kb max_used=3705Kb free=116474Kb
 bounds [0x00000206c97d0000, 0x00000206c9b70000, 0x00000206d0d00000]
CodeHeap 'profiled nmethods': size=120000Kb used=7169Kb max_used=9948Kb free=112830Kb
 bounds [0x00000206c22a0000, 0x00000206c2c60000, 0x00000206c97d0000]
CodeHeap 'non-nmethods': size=5760Kb used=1317Kb max_used=1368Kb free=4442Kb
 bounds [0x00000206c1d00000, 0x00000206c1f70000, 0x00000206c22a0000]
 total_blobs=4628 nmethods=3978 adapters=561
 compilation: enabled
              stopped_count=0, restarted_count=0
 full_count=0

Compilation events (20 events):
Event: 87.080 Thread 0x00000206dc262690 nmethod 4876 0x00000206c9982890 code [0x00000206c9982a40, 0x00000206c9982b78]
Event: 87.080 Thread 0x00000206dc262690 4877       4       sun.java2d.marlin.Helpers$PolyStack::dispose (90 bytes)
Event: 87.083 Thread 0x00000206dc262690 nmethod 4877 0x00000206c9a96990 code [0x00000206c9a96b20, 0x00000206c9a96e98]
Event: 87.346 Thread 0x00000206dc26bd90 4878       3       sun.java2d.d3d.D3DDrawImage::renderImageXform (131 bytes)
Event: 87.347 Thread 0x00000206dc26bd90 nmethod 4878 0x00000206c23a8710 code [0x00000206c23a8940, 0x00000206c23a93f8]
Event: 87.347 Thread 0x00000206dc26bd90 4879       3       sun.java2d.loops.TransformBlit::getFromCache (49 bytes)
Event: 87.347 Thread 0x00000206dc26bd90 nmethod 4879 0x00000206c22d3d10 code [0x00000206c22d3f00, 0x00000206c22d4408]
Event: 87.347 Thread 0x00000206dc26bd90 4880       3       sun.java2d.d3d.D3DSwToSurfaceTransform::Transform (50 bytes)
Event: 87.347 Thread 0x00000206dc26bd90 nmethod 4880 0x00000206c23b1990 code [0x00000206c23b1b20, 0x00000206c23b1d28]
Event: 87.539 Thread 0x00000206dc26bd90 4881   !   3       sun.awt.windows.WComponentPeer::replaceSurfaceData (182 bytes)
Event: 87.540 Thread 0x00000206dc26bd90 nmethod 4881 0x00000206c22a0010 code [0x00000206c22a02a0, 0x00000206c22a14e8]
Event: 87.710 Thread 0x00000206dc262690 4882       4       java.util.Hashtable$Enumerator::hasMoreElements (53 bytes)
Event: 87.712 Thread 0x00000206dc262690 nmethod 4882 0x00000206c9a2f390 code [0x00000206c9a2f500, 0x00000206c9a2f758]
Event: 87.896 Thread 0x00000206dc26bd90 4883       3       java.awt.geom.AffineTransform::transform (635 bytes)
Event: 87.898 Thread 0x00000206dc26bd90 nmethod 4883 0x00000206c22baf90 code [0x00000206c22bb260, 0x00000206c22bc548]
Event: 87.915 Thread 0x00000206dc262690 4884       4       javax.swing.text.GapContent::<init> (68 bytes)
Event: 87.921 Thread 0x00000206dc26bd90 4885       3       java.awt.geom.AffineTransform::createInverse (543 bytes)
Event: 87.922 Thread 0x00000206dc26bd90 nmethod 4885 0x00000206c22ae090 code [0x00000206c22ae500, 0x00000206c22afa28]
Event: 87.922 Thread 0x00000206dc262690 nmethod 4884 0x00000206c9873e90 code [0x00000206c9874060, 0x00000206c9874ba8]
Event: 88.369 Thread 0x00000206dc262690 4886       4       sun.java2d.SurfaceData::validatePipe (785 bytes)

GC Heap History (6 events):
Event: 5.698 GC heap before
{Heap before GC invocations=0 (full 0):
 garbage-first heap   total 227328K, used 30720K [0x0000000722400000, 0x0000000800000000)
  region size 2048K, 11 young (22528K), 0 survivors (0K)
 Metaspace       used 10523K, committed 10816K, reserved 1064960K
  class space    used 1116K, committed 1280K, reserved 1048576K
}
Event: 5.702 GC heap after
{Heap after GC invocations=1 (full 0):
 garbage-first heap   total 227328K, used 12708K [0x0000000722400000, 0x0000000800000000)
  region size 2048K, 2 young (4096K), 2 survivors (4096K)
 Metaspace       used 10523K, committed 10816K, reserved 1064960K
  class space    used 1116K, committed 1280K, reserved 1048576K
}
Event: 13.888 GC heap before
{Heap before GC invocations=1 (full 0):
 garbage-first heap   total 227328K, used 39332K [0x0000000722400000, 0x0000000800000000)
  region size 2048K, 15 young (30720K), 2 survivors (4096K)
 Metaspace       used 11049K, committed 11328K, reserved 1064960K
  class space    used 1117K, committed 1280K, reserved 1048576K
}
Event: 13.893 GC heap after
{Heap after GC invocations=2 (full 0):
 garbage-first heap   total 227328K, used 16605K [0x0000000722400000, 0x0000000800000000)
  region size 2048K, 2 young (4096K), 2 survivors (4096K)
 Metaspace       used 11049K, committed 11328K, reserved 1064960K
  class space    used 1117K, committed 1280K, reserved 1048576K
}
Event: 62.999 GC heap before
{Heap before GC invocations=2 (full 0):
 garbage-first heap   total 227328K, used 147677K [0x0000000722400000, 0x0000000800000000)
  region size 2048K, 66 young (135168K), 2 survivors (4096K)
 Metaspace       used 11655K, committed 11904K, reserved 1064960K
  class space    used 1119K, committed 1280K, reserved 1048576K
}
Event: 63.052 GC heap after
{Heap after GC invocations=3 (full 0):
 garbage-first heap   total 227328K, used 36665K [0x0000000722400000, 0x0000000800000000)
  region size 2048K, 9 young (18432K), 9 survivors (18432K)
 Metaspace       used 11655K, committed 11904K, reserved 1064960K
  class space    used 1119K, committed 1280K, reserved 1048576K
}

Deoptimization events (20 events):
Event: 87.854 Thread 0x00000206ddf89010 Uncommon trap: trap_request=0xffffffde fr.pc=0x00000206c98d5fc4 relative=0x0000000000001164
Event: 87.854 Thread 0x00000206ddf89010 Uncommon trap: reason=class_check action=maybe_recompile pc=0x00000206c98d5fc4 method=sun.java2d.SurfaceData.validatePipe(Lsun/java2d/SunGraphics2D;)V @ 563 c2
Event: 87.854 Thread 0x00000206ddf89010 DEOPT PACKING pc=0x00000206c98d5fc4 sp=0x00000069549fd820
Event: 87.854 Thread 0x00000206ddf89010 DEOPT UNPACKING pc=0x00000206c1d523a3 sp=0x00000069549fd7d8 mode 2
Event: 87.854 Thread 0x00000206ddf89010 Uncommon trap: trap_request=0xffffffde fr.pc=0x00000206c9b3c53c relative=0x0000000000002bbc
Event: 87.854 Thread 0x00000206ddf89010 Uncommon trap: reason=class_check action=maybe_recompile pc=0x00000206c9b3c53c method=sun.java2d.SunGraphics2D.drawHiDPIImage(Ljava/awt/Image;IIIIIIIILjava/awt/Color;Ljava/awt/image/ImageObserver;Ljava/awt/geom/AffineTransform;)Ljava/lang/Boolean; @ 373 c
Event: 87.854 Thread 0x00000206ddf89010 DEOPT PACKING pc=0x00000206c9b3c53c sp=0x00000069549fdc10
Event: 87.854 Thread 0x00000206ddf89010 DEOPT UNPACKING pc=0x00000206c1d523a3 sp=0x00000069549fdb88 mode 2
Event: 87.854 Thread 0x00000206ddf89010 Uncommon trap: trap_request=0xffffff54 fr.pc=0x00000206c9b296c8 relative=0x0000000000001248
Event: 87.854 Thread 0x00000206ddf89010 Uncommon trap: reason=speculate_null_assert action=make_not_entrant pc=0x00000206c9b296c8 method=sun.java2d.loops.ScaledBlit.getFromCache(Lsun/java2d/loops/SurfaceType;Lsun/java2d/loops/CompositeType;Lsun/java2d/loops/SurfaceType;)Lsun/java2d/loops/Scaled
Event: 87.854 Thread 0x00000206ddf89010 DEOPT PACKING pc=0x00000206c9b296c8 sp=0x00000069549fd890
Event: 87.854 Thread 0x00000206ddf89010 DEOPT UNPACKING pc=0x00000206c1d523a3 sp=0x00000069549fd7a8 mode 2
Event: 88.186 Thread 0x00000206ddf89010 Uncommon trap: trap_request=0xffffffde fr.pc=0x00000206c98d5fc4 relative=0x0000000000001164
Event: 88.186 Thread 0x00000206ddf89010 Uncommon trap: reason=class_check action=maybe_recompile pc=0x00000206c98d5fc4 method=sun.java2d.SurfaceData.validatePipe(Lsun/java2d/SunGraphics2D;)V @ 563 c2
Event: 88.186 Thread 0x00000206ddf89010 DEOPT PACKING pc=0x00000206c98d5fc4 sp=0x00000069549fd820
Event: 88.186 Thread 0x00000206ddf89010 DEOPT UNPACKING pc=0x00000206c1d523a3 sp=0x00000069549fd7d8 mode 2
Event: 88.186 Thread 0x00000206ddf89010 Uncommon trap: trap_request=0xffffffde fr.pc=0x00000206c9b3c53c relative=0x0000000000002bbc
Event: 88.186 Thread 0x00000206ddf89010 Uncommon trap: reason=class_check action=maybe_recompile pc=0x00000206c9b3c53c method=sun.java2d.SunGraphics2D.drawHiDPIImage(Ljava/awt/Image;IIIIIIIILjava/awt/Color;Ljava/awt/image/ImageObserver;Ljava/awt/geom/AffineTransform;)Ljava/lang/Boolean; @ 373 c
Event: 88.186 Thread 0x00000206ddf89010 DEOPT PACKING pc=0x00000206c9b3c53c sp=0x00000069549fdc10
Event: 88.186 Thread 0x00000206ddf89010 DEOPT UNPACKING pc=0x00000206c1d523a3 sp=0x00000069549fdb88 mode 2

Classes unloaded (0 events):
No events

Classes redefined (0 events):
No events

Internal exceptions (14 events):
Event: 0.097 Thread 0x00000206ba49d690 Exception <a 'java/lang/ClassNotFoundException'{0x000000072fe13d08}: sun/awt/resources/spi/awtProvider> (0x000000072fe13d08) 
thrown [t:\workspace\open\src\hotspot\share\classfile\systemDictionary.cpp, line 256]
Event: 0.110 Thread 0x00000206ba49d690 Exception <a 'java/io/FileNotFoundException'{0x000000072fe4dd50}> (0x000000072fe4dd50) 
thrown [t:\workspace\open\src\hotspot\share\prims\jni.cpp, line 516]
Event: 0.114 Thread 0x00000206ba49d690 Exception <a 'java/io/FileNotFoundException'{0x000000072fe76c40}> (0x000000072fe76c40) 
thrown [t:\workspace\open\src\hotspot\share\prims\jni.cpp, line 516]
Event: 0.147 Thread 0x00000206ba49d690 Exception <a 'java/lang/NoSuchMethodError'{0x000000072fec65f0}: 'java.lang.Object java.lang.invoke.DirectMethodHandle$Holder.invokeStaticInit(java.lang.Object)'> (0x000000072fec65f0) 
thrown [t:\workspace\open\src\hotspot\share\interpreter\linkResolver.cpp, line 766]
Event: 0.171 Thread 0x00000206ba49d690 Exception <a 'java/lang/NoSuchMethodError'{0x000000072ff624c8}: 'void java.lang.invoke.DirectMethodHandle$Holder.invokeSpecial(java.lang.Object, java.lang.Object, java.lang.Object)'> (0x000000072ff624c8) 
thrown [t:\workspace\open\src\hotspot\share\interpreter\linkResolver.cpp, line 766]
Event: 0.178 Thread 0x00000206ba49d690 Exception <a 'java/lang/NoSuchMethodError'{0x000000072ff8c3e8}: 'java.lang.Object java.lang.invoke.DirectMethodHandle$Holder.newInvokeSpecial(java.lang.Object, java.lang.Object, java.lang.Object, java.lang.Object, java.lang.Object)'> (0x000000072ff8c3e8) 
thrown [t:\workspace\open\src\hotspot\share\interpreter\linkResolver.cpp, line 766]
Event: 0.180 Thread 0x00000206ba49d690 Exception <a 'java/lang/NoSuchMethodError'{0x000000072ff97278}: 'java.lang.Object java.lang.invoke.DirectMethodHandle$Holder.invokeStatic(java.lang.Object, int, java.lang.Object, java.lang.Object, java.lang.Object, java.lang.Object)'> (0x000000072ff97278) 
thrown [t:\workspace\open\src\hotspot\share\interpreter\linkResolver.cpp, line 766]
Event: 0.183 Thread 0x00000206ba49d690 Exception <a 'java/lang/NoSuchMethodError'{0x000000072ffbca38}: 'java.lang.Object java.lang.invoke.DirectMethodHandle$Holder.invokeStatic(java.lang.Object, int, java.lang.Object)'> (0x000000072ffbca38) 
thrown [t:\workspace\open\src\hotspot\share\interpreter\linkResolver.cpp, line 766]
Event: 0.209 Thread 0x00000206ba49d690 Exception <a 'java/lang/ClassNotFoundException'{0x000000072fc779d8}: com/sun/swing/internal/plaf/metal/resources/spi/metalProvider> (0x000000072fc779d8) 
thrown [t:\workspace\open\src\hotspot\share\classfile\systemDictionary.cpp, line 256]
Event: 0.210 Thread 0x00000206ba49d690 Exception <a 'java/lang/ClassNotFoundException'{0x000000072fc7b638}: com/sun/swing/internal/plaf/basic/resources/spi/basicProvider> (0x000000072fc7b638) 
thrown [t:\workspace\open\src\hotspot\share\classfile\systemDictionary.cpp, line 256]
Event: 0.273 Thread 0x00000206dcf08440 Exception <a 'java/lang/NoSuchMethodError'{0x000000072fef13f8}: 'void java.lang.invoke.DirectMethodHandle$Holder.invokeVirtual(java.lang.Object, java.lang.Object)'> (0x000000072fef13f8) 
thrown [t:\workspace\open\src\hotspot\share\interpreter\linkResolver.cpp, line 766]
Event: 0.286 Thread 0x00000206ba49d690 Exception <a 'java/lang/NoSuchMethodError'{0x000000072fccd0d8}: 'void java.lang.invoke.DirectMethodHandle$Holder.invokeStaticInit(java.lang.Object)'> (0x000000072fccd0d8) 
thrown [t:\workspace\open\src\hotspot\share\interpreter\linkResolver.cpp, line 766]
Event: 4.595 Thread 0x00000206ddf89010 Exception <a 'sun/java2d/InvalidPipeException'{0x000000072ee91ad0}: GDIWindowSurfaceData: bounds changed> (0x000000072ee91ad0) 
thrown [t:\workspace\open\src\hotspot\share\prims\jni.cpp, line 535]
Event: 87.814 Thread 0x00000206ba49d690 Exception <a 'sun/java2d/InvalidPipeException'{0x000000072c72f870}: GDIWindowSurfaceData: bounds changed> (0x000000072c72f870) 
thrown [t:\workspace\open\src\hotspot\share\prims\jni.cpp, line 535]

VM Operations (20 events):
Event: 79.090 Executing VM operation: Cleanup
Event: 79.090 Executing VM operation: Cleanup done
Event: 80.101 Executing VM operation: Cleanup
Event: 80.101 Executing VM operation: Cleanup done
Event: 83.102 Executing VM operation: Cleanup
Event: 83.102 Executing VM operation: Cleanup done
Event: 83.975 Executing VM operation: HandshakeAllThreads
Event: 83.976 Executing VM operation: HandshakeAllThreads done
Event: 84.064 Executing VM operation: HandshakeAllThreads
Event: 84.066 Executing VM operation: HandshakeAllThreads done
Event: 84.126 Executing VM operation: HandshakeAllThreads
Event: 84.127 Executing VM operation: HandshakeAllThreads done
Event: 84.127 Executing VM operation: Cleanup
Event: 84.127 Executing VM operation: Cleanup done
Event: 85.129 Executing VM operation: Cleanup
Event: 85.130 Executing VM operation: Cleanup done
Event: 87.130 Executing VM operation: Cleanup
Event: 87.130 Executing VM operation: Cleanup done
Event: 88.130 Executing VM operation: Cleanup
Event: 88.130 Executing VM operation: Cleanup done

Events (20 events):
Event: 84.134 Thread 0x00000206dc2773f0 flushing nmethod 0x00000206c29d9410
Event: 84.134 Thread 0x00000206dc2773f0 flushing nmethod 0x00000206c29dbd10
Event: 84.134 Thread 0x00000206dc2773f0 flushing nmethod 0x00000206c2a46190
Event: 84.134 Thread 0x00000206dc2773f0 flushing nmethod 0x00000206c2a4b390
Event: 84.134 Thread 0x00000206dc2773f0 flushing nmethod 0x00000206c2a5a710
Event: 84.134 Thread 0x00000206dc2773f0 flushing nmethod 0x00000206c2a9f310
Event: 84.135 Thread 0x00000206dc2773f0 flushing nmethod 0x00000206c2b26190
Event: 84.135 Thread 0x00000206dc2773f0 flushing nmethod 0x00000206c2b26d10
Event: 84.135 Thread 0x00000206dc2773f0 flushing nmethod 0x00000206c2b2c010
Event: 84.135 Thread 0x00000206dc2773f0 flushing nmethod 0x00000206c2b7d890
Event: 84.135 Thread 0x00000206dc2773f0 flushing nmethod 0x00000206c2bd5890
Event: 84.135 Thread 0x00000206dc2773f0 flushing nmethod 0x00000206c2bea110
Event: 87.843 loading class java/awt/GradientPaintContext
Event: 87.848 loading class java/awt/PaintContext
Event: 87.849 loading class java/awt/PaintContext done
Event: 87.850 loading class java/awt/GradientPaintContext done
Event: 87.850 loading class java/awt/geom/Point2D$Double
Event: 87.851 loading class java/awt/geom/Point2D$Double done
Event: 87.852 loading class sun/java2d/pipe/AlphaPaintPipe$TileContext
Event: 87.853 loading class sun/java2d/pipe/AlphaPaintPipe$TileContext done


Dynamic libraries:
0x00007ff71a500000 - 0x00007ff71a510000 	D:\Programmes\JDK\bin\java.exe
0x00007ff8b8bb0000 - 0x00007ff8b8da8000 	C:\Windows\SYSTEM32\ntdll.dll
0x00007ff8b7960000 - 0x00007ff8b7a1f000 	C:\Windows\System32\KERNEL32.DLL
0x00007ff8b63c0000 - 0x00007ff8b6692000 	C:\Windows\System32\KERNELBASE.dll
0x00007ff8b67b0000 - 0x00007ff8b68b0000 	C:\Windows\System32\ucrtbase.dll
0x00007ff8a3cd0000 - 0x00007ff8a3cea000 	D:\Programmes\JDK\bin\VCRUNTIME140.dll
0x00007ff8a3f80000 - 0x00007ff8a3f98000 	D:\Programmes\JDK\bin\jli.dll
0x00007ff8b78b0000 - 0x00007ff8b795e000 	C:\Windows\System32\ADVAPI32.dll
0x00007ff8b7380000 - 0x00007ff8b741e000 	C:\Windows\System32\msvcrt.dll
0x00007ff8b8170000 - 0x00007ff8b820c000 	C:\Windows\System32\sechost.dll
0x00007ff8b8880000 - 0x00007ff8b89a5000 	C:\Windows\System32\RPCRT4.dll
0x00007ff8b7480000 - 0x00007ff8b761d000 	C:\Windows\System32\USER32.dll
0x00007ff8a61f0000 - 0x00007ff8a648a000 	C:\Windows\WinSxS\amd64_microsoft.windows.common-controls_6595b64144ccf1df_6.0.19041.1110_none_60b5254171f9507e\COMCTL32.dll
0x00007ff8b6280000 - 0x00007ff8b62a2000 	C:\Windows\System32\win32u.dll
0x00007ff8b8b00000 - 0x00007ff8b8b2b000 	C:\Windows\System32\GDI32.dll
0x00007ff8b62b0000 - 0x00007ff8b63bf000 	C:\Windows\System32\gdi32full.dll
0x00007ff8b6710000 - 0x00007ff8b67ad000 	C:\Windows\System32\msvcp_win.dll
0x00007ff8af1e0000 - 0x00007ff8af1ea000 	C:\Windows\SYSTEM32\VERSION.dll
0x00007ff8b7750000 - 0x00007ff8b7782000 	C:\Windows\System32\IMM32.DLL
0x00007ff8a44c0000 - 0x00007ff8a44cc000 	D:\Programmes\JDK\bin\vcruntime140_1.dll
0x00007ff870320000 - 0x00007ff8703ad000 	D:\Programmes\JDK\bin\msvcp140.dll
0x00007ff833900000 - 0x00007ff8344c1000 	D:\Programmes\JDK\bin\server\jvm.dll
0x00007ff8b78a0000 - 0x00007ff8b78a8000 	C:\Windows\System32\PSAPI.DLL
0x00007ff8aaa10000 - 0x00007ff8aaa19000 	C:\Windows\SYSTEM32\WSOCK32.dll
0x00007ff8acd10000 - 0x00007ff8acd37000 	C:\Windows\SYSTEM32\WINMM.dll
0x00007ff8b8810000 - 0x00007ff8b887b000 	C:\Windows\System32\WS2_32.dll
0x00007ff8b4ad0000 - 0x00007ff8b4ae2000 	C:\Windows\SYSTEM32\kernel.appcore.dll
0x00007ff8a3f70000 - 0x00007ff8a3f7a000 	D:\Programmes\JDK\bin\jimage.dll
0x00007ff8b4110000 - 0x00007ff8b42f4000 	C:\Windows\SYSTEM32\DBGHELP.DLL
0x00007ff8a22a0000 - 0x00007ff8a22cc000 	C:\Windows\SYSTEM32\dbgcore.DLL
0x00007ff8b6a60000 - 0x00007ff8b6ae2000 	C:\Windows\System32\bcryptPrimitives.dll
0x00007ff899240000 - 0x00007ff899265000 	D:\Programmes\JDK\bin\java.dll
0x00007ff870240000 - 0x00007ff870316000 	D:\Programmes\JDK\bin\jsvml.dll
0x00007ff8b7a20000 - 0x00007ff8b8163000 	C:\Windows\System32\SHELL32.dll
0x00007ff8b4320000 - 0x00007ff8b4ab2000 	C:\Windows\SYSTEM32\windows.storage.dll
0x00007ff8b6e60000 - 0x00007ff8b71b4000 	C:\Windows\System32\combase.dll
0x00007ff8b5ce0000 - 0x00007ff8b5d10000 	C:\Windows\SYSTEM32\Wldp.dll
0x00007ff8b77f0000 - 0x00007ff8b789d000 	C:\Windows\System32\SHCORE.dll
0x00007ff8b7420000 - 0x00007ff8b7475000 	C:\Windows\System32\shlwapi.dll
0x00007ff8b61c0000 - 0x00007ff8b61df000 	C:\Windows\SYSTEM32\profapi.dll
0x00007ff898d20000 - 0x00007ff898d39000 	D:\Programmes\JDK\bin\net.dll
0x00007ff8a7350000 - 0x00007ff8a745c000 	C:\Windows\SYSTEM32\WINHTTP.dll
0x00007ff8b5a40000 - 0x00007ff8b5aaa000 	C:\Windows\system32\mswsock.dll
0x00007ff8939b0000 - 0x00007ff8939c6000 	D:\Programmes\JDK\bin\nio.dll
0x00007ff893990000 - 0x00007ff8939a8000 	D:\Programmes\JDK\bin\zip.dll
0x00007ff86ce90000 - 0x00007ff86d01f000 	D:\Programmes\JDK\bin\awt.dll
0x00007ff8b71c0000 - 0x00007ff8b728d000 	C:\Windows\System32\OLEAUT32.dll
0x00007ff8b3740000 - 0x00007ff8b37d1000 	C:\Windows\SYSTEM32\apphelp.dll
0x00007ff8b3890000 - 0x00007ff8b392e000 	C:\Windows\system32\uxtheme.dll
0x00007ff8a6490000 - 0x00007ff8a6757000 	D:\Programmes\Start10\Start10_64.dll
0x00007ff8b7620000 - 0x00007ff8b7735000 	C:\Windows\System32\MSCTF.dll
0x00007ff8b89d0000 - 0x00007ff8b8afa000 	C:\Windows\System32\ole32.dll
0x00007ff8b3b10000 - 0x00007ff8b3b3f000 	C:\Windows\system32\DWMAPI.DLL
0x00007ff85a320000 - 0x00007ff85a445000 	C:\Windows\system32\opengl32.dll
0x00007ff85a0d0000 - 0x00007ff85a0fc000 	C:\Windows\SYSTEM32\GLU32.dll
0x00007ff862260000 - 0x00007ff86242f000 	C:\Windows\system32\d3d9.dll
0x00007ff8acd70000 - 0x00007ff8acf29000 	C:\Windows\System32\DriverStore\FileRepository\u0379219.inf_amd64_3649648678001de4\B378972\aticfx64.dll
0x00007ff8935e0000 - 0x00007ff893614000 	C:\Windows\System32\DriverStore\FileRepository\u0379219.inf_amd64_3649648678001de4\B378972\atiu9p64.dll
0x00007ff82cc80000 - 0x00007ff82d9d6000 	C:\Windows\System32\DriverStore\FileRepository\u0379219.inf_amd64_3649648678001de4\B378972\atiumd64.dll
0x0000000067670000 - 0x000000006853b000 	C:\Windows\System32\DriverStore\FileRepository\u0379219.inf_amd64_3649648678001de4\B378972\atiumd6a.dll
0x00007ff8b8320000 - 0x00007ff8b8788000 	C:\Windows\System32\SETUPAPI.dll
0x00007ff8b6a10000 - 0x00007ff8b6a5e000 	C:\Windows\System32\cfgmgr32.dll
0x00007ff8b5850000 - 0x00007ff8b589b000 	C:\Windows\SYSTEM32\POWRPROF.dll
0x00007ff8b6ba0000 - 0x00007ff8b6bc7000 	C:\Windows\System32\bcrypt.dll
0x00007ff8b56c0000 - 0x00007ff8b56d2000 	C:\Windows\SYSTEM32\UMPDC.dll
0x00007ff8ac7d0000 - 0x00007ff8ac800000 	C:\Windows\SYSTEM32\amdihk64.dll
0x00007ff8ad250000 - 0x00007ff8ad28b000 	C:\Windows\SYSTEM32\dxcore.dll
0x00007ff8749b0000 - 0x00007ff874a39000 	D:\Programmes\JDK\bin\freetype.dll
0x00007ff870190000 - 0x00007ff870238000 	D:\Programmes\JDK\bin\fontmanager.dll
0x00007ff8ac960000 - 0x00007ff8aca59000 	C:\Windows\SYSTEM32\textinputframework.dll
0x00007ff8b31b0000 - 0x00007ff8b350e000 	C:\Windows\System32\CoreUIComponents.dll
0x00007ff8b3510000 - 0x00007ff8b3602000 	C:\Windows\System32\CoreMessaging.dll
0x00007ff8b5410000 - 0x00007ff8b5443000 	C:\Windows\SYSTEM32\ntmarta.dll
0x00007ff8b1e50000 - 0x00007ff8b1fa4000 	C:\Windows\SYSTEM32\wintypes.dll
0x00007ff8b8210000 - 0x00007ff8b82bf000 	C:\Windows\System32\clbcatq.dll
0x00007ff8af350000 - 0x00007ff8af504000 	C:\Windows\SYSTEM32\WindowsCodecs.dll
0x00007ff887d10000 - 0x00007ff887d4e000 	C:\Windows\system32\dataexchange.dll
0x00007ff8b2c40000 - 0x00007ff8b2e23000 	C:\Windows\system32\dcomp.dll
0x00007ff8b29d0000 - 0x00007ff8b2c33000 	C:\Windows\system32\d3d11.dll
0x00007ff8b4b40000 - 0x00007ff8b4c33000 	C:\Windows\system32\dxgi.dll
0x00007ff8af630000 - 0x00007ff8af830000 	C:\Windows\system32\twinapi.appcore.dll
0x00007ff8aab30000 - 0x00007ff8aabdc000 	C:\Windows\SYSTEM32\TextShaping.dll

dbghelp: loaded successfully - version: 4.0.5 - missing functions: none
symbol engine: initialized successfully - sym options: 0x614 - pdb path: .;D:\Programmes\JDK\bin;C:\Windows\SYSTEM32;C:\Windows\WinSxS\amd64_microsoft.windows.common-controls_6595b64144ccf1df_6.0.19041.1110_none_60b5254171f9507e;D:\Programmes\JDK\bin\server;D:\Programmes\Start10;C:\Windows\System32\DriverStore\FileRepository\u0379219.inf_amd64_3649648678001de4\B378972

VM Arguments:
jvm_args: -Dfile.encoding=windows-1251 -Duser.country=RU -Duser.language=ru -Duser.variant 
java_command: Main
java_class_path (initial): D:\Projects\JavaProjects\apsGrad\build\classes\java\main;D:\Projects\JavaProjects\apsGrad\build\resources\main;C:\Users\Nirvana\.gradle\caches\modules-2\files-2.1\org.jetbrains\annotations\20.1.0\2fcd1f3225bca0c4a7bc931142076f8c1e80993f\annotations-20.1.0.jar
Launcher Type: SUN_STANDARD

[Global flags]
     intx CICompilerCount                          = 4                                         {product} {ergonomic}
     uint ConcGCThreads                            = 3                                         {product} {ergonomic}
     uint G1ConcRefinementThreads                  = 10                                        {product} {ergonomic}
   size_t G1HeapRegionSize                         = 2097152                                   {product} {ergonomic}
    uintx GCDrainStackTargetSize                   = 64                                        {product} {ergonomic}
   size_t InitialHeapSize                          = 232783872                                 {product} {ergonomic}
   size_t MarkStackSize                            = 4194304                                   {product} {ergonomic}
   size_t MaxHeapSize                              = 3720347648                                {product} {ergonomic}
   size_t MaxNewSize                               = 2231369728                                {product} {ergonomic}
   size_t MinHeapDeltaBytes                        = 2097152                                   {product} {ergonomic}
   size_t MinHeapSize                              = 8388608                                   {product} {ergonomic}
    uintx NonNMethodCodeHeapSize                   = 5839372                                {pd product} {ergonomic}
    uintx NonProfiledCodeHeapSize                  = 122909434                              {pd product} {ergonomic}
    uintx ProfiledCodeHeapSize                     = 122909434                              {pd product} {ergonomic}
    uintx ReservedCodeCacheSize                    = 251658240                              {pd product} {ergonomic}
     bool SegmentedCodeCache                       = true                                      {product} {ergonomic}
   size_t SoftMaxHeapSize                          = 3720347648                             {manageable} {ergonomic}
     bool UseCompressedClassPointers               = true                           {product lp64_product} {ergonomic}
     bool UseCompressedOops                        = true                           {product lp64_product} {ergonomic}
     bool UseG1GC                                  = true                                      {product} {ergonomic}
     bool UseLargePagesIndividualAllocation        = false                                  {pd product} {ergonomic}

Logging:
Log output configuration:
 #0: stdout all=warning uptime,level,tags
 #1: stderr all=off uptime,level,tags

Environment Variables:
PATH=D:\Programmes\Python3\Scripts\;D:\Programmes\Python3\;C:\Program Files\Microsoft MPI\Bin\;C:\Program Files\Common Files\Oracle\Java\javapath;C:\Program Files (x86)\Common Files\Oracle\Java\javapath;C:\Windows\system32;C:\Windows;C:\Windows\System32\Wbem;C:\Windows\System32\WindowsPowerShell\v1.0\;C:\Windows\System32\OpenSSH\;C:\Program Files\dotnet\;D:\Programmes\Git\cmd;D:\Programmes\MicrosoftSQL\x86\150\Tools\Binn\;D:\Programmes\MicrosoftSQL\x64\150\Tools\Binn\;D:\Programmes\MicrosoftSQL\x86\150\DTS\Binn\;D:\Programmes\MicrosoftSQL\x64\150\DTS\Binn\;D:\Programmes\MicrosoftSQL\x64\Client SDK\ODBC\170\Tools\Binn\;C:\Program Files\Azure Data Studio\bin;D:\Programmes\Python\Scripts\;D:\Programmes\Python\;C:\Users\Nirvana\AppData\Local\Microsoft\WindowsApps;D:\Programmes\CLion 2021.3.3\bin;;D:\Programmes\IntelliJ IDEA 2021.3.2\bin;;D:\Programmes\PyCharm 2021.3.2\bin;;D:\Programmes\ffmpeg\bin;D:\Programmes\WebStorm 2021.3.3\bin;;D:\Programmes\JetBrains Rider 2022.2.4\bin;;C:\Users\Nirvana\.dotnet\tools;C:\Program Files\Azure Data Studio\bin;C:\Program Files\Azure Data Studio\bin;C:\Program Files\Azure Data Studio\bin;D:\Programmes\DataGrip 2022.2.4\bin;;D:\Programmes\Qt\Tools\mingw1120_64\bin;D:\Programmes\Qt\6.4.0\mingw_64\bin;
USERNAME=Nirvana
OS=Windows_NT
PROCESSOR_IDENTIFIER=AMD64 Family 25 Model 80 Stepping 0, AuthenticAMD



---------------  S Y S T E M  ---------------

OS:
 Windows 10 , 64 bit Build 19041 (10.0.19041.2251)
OS uptime: 0 days 8:35 hours

CPU: total 12 (initial active 12) (12 cores per cpu, 2 threads per core) family 25 model 80 stepping 0 microcode 0x0, cx8, cmov, fxsr, ht, mmx, 3dnowpref, sse, sse2, sse3, ssse3, sse4a, sse4.1, sse4.2, popcnt, lzcnt, tsc, tscinvbit, avx, avx2, aes, erms, clmul, bmi1, bmi2, adx, sha, fma, vzeroupper, clflush, clflushopt

Memory: 4k page, system-wide physical 14188M (374M free)
TotalPageFile size 29583M (AvailPageFile size 0M)
current process WorkingSet (physical memory assigned to process): 3336M, peak: 4119M
current process commit charge ("private bytes"): 8017M, peak: 8026M

vm_info: Java HotSpot(TM) 64-Bit Server VM (17.0.2+8-LTS-86) for windows-amd64 JRE (17.0.2+8-LTS-86), built on Dec  7 2021 21:51:03 by "mach5one" with MS VC++ 16.8 / 16.9 (VS2019)

END.
